[Practical Java] 17:21:51.409  INFO --- c.c.p.PracticalJavaApplication           : Starting PracticalJavaApplication on pc-PC with PID 2604 (D:\Spring Boot\practical-java\target\classes started by pc in D:\Spring Boot\practical-java)
[Practical Java] 17:21:51.428 DEBUG --- c.c.p.PracticalJavaApplication           : Running with Spring Boot v2.3.2.RELEASE, Spring v5.2.8.RELEASE
[Practical Java] 17:21:51.429  INFO --- c.c.p.PracticalJavaApplication           : No active profile set, falling back to default profiles: default
[Practical Java] 17:21:55.547  WARN --- o.s.data.convert.CustomConversions       : Registering converter from class org.springframework.data.geo.Point to interface java.util.Map as writing converter although it doesn't convert to a store-supported type! You might want to check your annotation setup at the converter implementation.
[Practical Java] 17:21:55.557  WARN --- o.s.data.convert.CustomConversions       : Registering converter from interface java.util.Map to class org.springframework.data.geo.Point as reading converter although it doesn't convert from a store-supported type! You might want to check your annotation setup at the converter implementation.
[Practical Java] 17:21:55.557  WARN --- o.s.data.convert.CustomConversions       : Registering converter from class org.springframework.data.elasticsearch.core.geo.GeoPoint to interface java.util.Map as writing converter although it doesn't convert to a store-supported type! You might want to check your annotation setup at the converter implementation.
[Practical Java] 17:21:55.557  WARN --- o.s.data.convert.CustomConversions       : Registering converter from interface java.util.Map to class org.springframework.data.elasticsearch.core.geo.GeoPoint as reading converter although it doesn't convert from a store-supported type! You might want to check your annotation setup at the converter implementation.
[Practical Java] 17:21:55.567  WARN --- o.s.data.convert.CustomConversions       : Registering converter from class org.springframework.data.geo.Point to interface java.util.Map as writing converter although it doesn't convert to a store-supported type! You might want to check your annotation setup at the converter implementation.
[Practical Java] 17:21:55.567  WARN --- o.s.data.convert.CustomConversions       : Registering converter from interface java.util.Map to class org.springframework.data.geo.Point as reading converter although it doesn't convert from a store-supported type! You might want to check your annotation setup at the converter implementation.
[Practical Java] 17:21:55.567  WARN --- o.s.data.convert.CustomConversions       : Registering converter from class org.springframework.data.elasticsearch.core.geo.GeoPoint to interface java.util.Map as writing converter although it doesn't convert to a store-supported type! You might want to check your annotation setup at the converter implementation.
[Practical Java] 17:21:55.567  WARN --- o.s.data.convert.CustomConversions       : Registering converter from interface java.util.Map to class org.springframework.data.elasticsearch.core.geo.GeoPoint as reading converter although it doesn't convert from a store-supported type! You might want to check your annotation setup at the converter implementation.
[Practical Java] 17:21:56.901  WARN --- o.s.d.elasticsearch.support.VersionInfo  : Version mismatch in between Elasticsearch Client and Cluster: 7.6.2 - 7.8.1
[Practical Java] 17:22:01.586  INFO --- c.c.p.PracticalJavaApplication           : Started PracticalJavaApplication in 12.536 seconds (JVM running for 14.579)
[Practical Java] 17:22:01.985  INFO --- c.c.p.common.CarElasticDatasearch        : End delete with response {"acknowledged":true}
[Practical Java] 17:22:08.348  INFO --- c.c.p.common.CarElasticDatasearch        : Saved 10000 cars
[Practical Java] 17:22:08.598  INFO --- c.c.p.c.CarPromotionElasticDatasource    : Saved dummy promotion data : 6
[Practical Java] 17:24:18.726  INFO --- c.c.p.api.server.DefaultRestApi          : Hello this is Spring boot REST API
[Practical Java] 17:24:20.968  INFO --- c.c.p.api.server.DefaultRestApi          : Hello this is Spring boot REST API
[Practical Java] 17:28:06.805  INFO --- c.c.p.PracticalJavaApplication           : Starting PracticalJavaApplication on pc-PC with PID 5712 (D:\Spring Boot\practical-java\target\classes started by pc in D:\Spring Boot\practical-java)
[Practical Java] 17:28:06.805 DEBUG --- c.c.p.PracticalJavaApplication           : Running with Spring Boot v2.3.2.RELEASE, Spring v5.2.8.RELEASE
[Practical Java] 17:28:06.805  INFO --- c.c.p.PracticalJavaApplication           : No active profile set, falling back to default profiles: default
[Practical Java] 17:28:09.245  WARN --- o.s.data.convert.CustomConversions       : Registering converter from class org.springframework.data.geo.Point to interface java.util.Map as writing converter although it doesn't convert to a store-supported type! You might want to check your annotation setup at the converter implementation.
[Practical Java] 17:28:09.255  WARN --- o.s.data.convert.CustomConversions       : Registering converter from interface java.util.Map to class org.springframework.data.geo.Point as reading converter although it doesn't convert from a store-supported type! You might want to check your annotation setup at the converter implementation.
[Practical Java] 17:28:09.255  WARN --- o.s.data.convert.CustomConversions       : Registering converter from class org.springframework.data.elasticsearch.core.geo.GeoPoint to interface java.util.Map as writing converter although it doesn't convert to a store-supported type! You might want to check your annotation setup at the converter implementation.
[Practical Java] 17:28:09.255  WARN --- o.s.data.convert.CustomConversions       : Registering converter from interface java.util.Map to class org.springframework.data.elasticsearch.core.geo.GeoPoint as reading converter although it doesn't convert from a store-supported type! You might want to check your annotation setup at the converter implementation.
[Practical Java] 17:28:09.265  WARN --- o.s.data.convert.CustomConversions       : Registering converter from class org.springframework.data.geo.Point to interface java.util.Map as writing converter although it doesn't convert to a store-supported type! You might want to check your annotation setup at the converter implementation.
[Practical Java] 17:28:09.265  WARN --- o.s.data.convert.CustomConversions       : Registering converter from interface java.util.Map to class org.springframework.data.geo.Point as reading converter although it doesn't convert from a store-supported type! You might want to check your annotation setup at the converter implementation.
[Practical Java] 17:28:09.265  WARN --- o.s.data.convert.CustomConversions       : Registering converter from class org.springframework.data.elasticsearch.core.geo.GeoPoint to interface java.util.Map as writing converter although it doesn't convert to a store-supported type! You might want to check your annotation setup at the converter implementation.
[Practical Java] 17:28:09.265  WARN --- o.s.data.convert.CustomConversions       : Registering converter from interface java.util.Map to class org.springframework.data.elasticsearch.core.geo.GeoPoint as reading converter although it doesn't convert from a store-supported type! You might want to check your annotation setup at the converter implementation.
[Practical Java] 17:28:10.625  WARN --- o.s.d.elasticsearch.support.VersionInfo  : Version mismatch in between Elasticsearch Client and Cluster: 7.6.2 - 7.8.1
[Practical Java] 17:28:14.263  INFO --- c.c.p.PracticalJavaApplication           : Started PracticalJavaApplication in 8.765 seconds (JVM running for 9.645)
[Practical Java] 17:28:14.509  INFO --- c.c.p.common.CarElasticDatasearch        : End delete with response {"acknowledged":true}
[Practical Java] 17:28:18.546  INFO --- c.c.p.common.CarElasticDatasearch        : Saved 10000 cars
[Practical Java] 17:28:18.898  INFO --- c.c.p.c.CarPromotionElasticDatasource    : Saved dummy promotion data : 6
[Practical Java] 17:40:35.429  INFO --- c.c.p.PracticalJavaApplication           : Starting PracticalJavaApplication on pc-PC with PID 9768 (D:\Spring Boot\practical-java\target\classes started by pc in D:\Spring Boot\practical-java)
[Practical Java] 17:40:35.434 DEBUG --- c.c.p.PracticalJavaApplication           : Running with Spring Boot v2.3.2.RELEASE, Spring v5.2.8.RELEASE
[Practical Java] 17:40:35.434  INFO --- c.c.p.PracticalJavaApplication           : No active profile set, falling back to default profiles: default
[Practical Java] 17:40:37.840  WARN --- o.s.data.convert.CustomConversions       : Registering converter from class org.springframework.data.geo.Point to interface java.util.Map as writing converter although it doesn't convert to a store-supported type! You might want to check your annotation setup at the converter implementation.
[Practical Java] 17:40:37.840  WARN --- o.s.data.convert.CustomConversions       : Registering converter from interface java.util.Map to class org.springframework.data.geo.Point as reading converter although it doesn't convert from a store-supported type! You might want to check your annotation setup at the converter implementation.
[Practical Java] 17:40:37.840  WARN --- o.s.data.convert.CustomConversions       : Registering converter from class org.springframework.data.elasticsearch.core.geo.GeoPoint to interface java.util.Map as writing converter although it doesn't convert to a store-supported type! You might want to check your annotation setup at the converter implementation.
[Practical Java] 17:40:37.840  WARN --- o.s.data.convert.CustomConversions       : Registering converter from interface java.util.Map to class org.springframework.data.elasticsearch.core.geo.GeoPoint as reading converter although it doesn't convert from a store-supported type! You might want to check your annotation setup at the converter implementation.
[Practical Java] 17:40:37.850  WARN --- o.s.data.convert.CustomConversions       : Registering converter from class org.springframework.data.geo.Point to interface java.util.Map as writing converter although it doesn't convert to a store-supported type! You might want to check your annotation setup at the converter implementation.
[Practical Java] 17:40:37.850  WARN --- o.s.data.convert.CustomConversions       : Registering converter from interface java.util.Map to class org.springframework.data.geo.Point as reading converter although it doesn't convert from a store-supported type! You might want to check your annotation setup at the converter implementation.
[Practical Java] 17:40:37.850  WARN --- o.s.data.convert.CustomConversions       : Registering converter from class org.springframework.data.elasticsearch.core.geo.GeoPoint to interface java.util.Map as writing converter although it doesn't convert to a store-supported type! You might want to check your annotation setup at the converter implementation.
[Practical Java] 17:40:37.850  WARN --- o.s.data.convert.CustomConversions       : Registering converter from interface java.util.Map to class org.springframework.data.elasticsearch.core.geo.GeoPoint as reading converter although it doesn't convert from a store-supported type! You might want to check your annotation setup at the converter implementation.
[Practical Java] 17:40:38.812  WARN --- o.s.d.elasticsearch.support.VersionInfo  : Version mismatch in between Elasticsearch Client and Cluster: 7.6.2 - 7.8.1
[Practical Java] 17:40:41.798  INFO --- c.c.p.PracticalJavaApplication           : Started PracticalJavaApplication in 7.586 seconds (JVM running for 8.447)
[Practical Java] 17:40:42.092  INFO --- c.c.p.common.CarElasticDatasearch        : End delete with response {"acknowledged":true}
[Practical Java] 17:40:45.628  INFO --- c.c.p.common.CarElasticDatasearch        : Saved 10000 cars
[Practical Java] 17:40:45.860  INFO --- c.c.p.c.CarPromotionElasticDatasource    : Saved dummy promotion data : 6
[Practical Java] 17:44:22.228  INFO --- c.c.p.PracticalJavaApplication           : Starting PracticalJavaApplication on pc-PC with PID 9188 (D:\Spring Boot\practical-java\target\classes started by pc in D:\Spring Boot\practical-java)
[Practical Java] 17:44:22.237 DEBUG --- c.c.p.PracticalJavaApplication           : Running with Spring Boot v2.3.2.RELEASE, Spring v5.2.8.RELEASE
[Practical Java] 17:44:22.238  INFO --- c.c.p.PracticalJavaApplication           : No active profile set, falling back to default profiles: default
[Practical Java] 17:44:26.806  WARN --- o.s.data.convert.CustomConversions       : Registering converter from class org.springframework.data.geo.Point to interface java.util.Map as writing converter although it doesn't convert to a store-supported type! You might want to check your annotation setup at the converter implementation.
[Practical Java] 17:44:26.806  WARN --- o.s.data.convert.CustomConversions       : Registering converter from interface java.util.Map to class org.springframework.data.geo.Point as reading converter although it doesn't convert from a store-supported type! You might want to check your annotation setup at the converter implementation.
[Practical Java] 17:44:26.806  WARN --- o.s.data.convert.CustomConversions       : Registering converter from class org.springframework.data.elasticsearch.core.geo.GeoPoint to interface java.util.Map as writing converter although it doesn't convert to a store-supported type! You might want to check your annotation setup at the converter implementation.
[Practical Java] 17:44:26.806  WARN --- o.s.data.convert.CustomConversions       : Registering converter from interface java.util.Map to class org.springframework.data.elasticsearch.core.geo.GeoPoint as reading converter although it doesn't convert from a store-supported type! You might want to check your annotation setup at the converter implementation.
[Practical Java] 17:44:26.836  WARN --- o.s.data.convert.CustomConversions       : Registering converter from class org.springframework.data.geo.Point to interface java.util.Map as writing converter although it doesn't convert to a store-supported type! You might want to check your annotation setup at the converter implementation.
[Practical Java] 17:44:26.836  WARN --- o.s.data.convert.CustomConversions       : Registering converter from interface java.util.Map to class org.springframework.data.geo.Point as reading converter although it doesn't convert from a store-supported type! You might want to check your annotation setup at the converter implementation.
[Practical Java] 17:44:26.836  WARN --- o.s.data.convert.CustomConversions       : Registering converter from class org.springframework.data.elasticsearch.core.geo.GeoPoint to interface java.util.Map as writing converter although it doesn't convert to a store-supported type! You might want to check your annotation setup at the converter implementation.
[Practical Java] 17:44:26.836  WARN --- o.s.data.convert.CustomConversions       : Registering converter from interface java.util.Map to class org.springframework.data.elasticsearch.core.geo.GeoPoint as reading converter although it doesn't convert from a store-supported type! You might want to check your annotation setup at the converter implementation.
[Practical Java] 17:44:29.414  WARN --- o.s.d.elasticsearch.support.VersionInfo  : Version mismatch in between Elasticsearch Client and Cluster: 7.6.2 - 7.8.1
[Practical Java] 17:44:36.540  INFO --- c.c.p.PracticalJavaApplication           : Started PracticalJavaApplication in 15.508 seconds (JVM running for 16.313)
[Practical Java] 17:44:37.108  INFO --- c.c.p.common.CarElasticDatasearch        : End delete with response {"acknowledged":true}
[Practical Java] 17:44:43.408  INFO --- c.c.p.common.CarElasticDatasearch        : Saved 10000 cars
[Practical Java] 17:44:43.952  INFO --- c.c.p.c.CarPromotionElasticDatasource    : Saved dummy promotion data : 6
